<?xml version="1.0" encoding="UTF-8"?>
<testsuite xmlns:xsi="http://www.w3.org/2001/XMLSchema-instance" xsi:noNamespaceSchemaLocation="https://maven.apache.org/surefire/maven-surefire-plugin/xsd/surefire-test-report.xsd" version="3.0.2" name="com.eduardo.foodbridge.FoodbridgeApplicationTests" time="15.957" tests="1" errors="0" skipped="0" failures="0">
  <properties>
[...]
</properties>
  <testcase name="contextLoads" classname="com.eduardo.foodbridge.FoodbridgeApplicationTests" time="1.156">
    <system-out><![CDATA[14:50:00.452 [main] INFO org.springframework.test.context.support.AnnotationConfigContextLoaderUtils -- Could not detect default configuration classes for test class [com.eduardo.foodbridge.FoodbridgeApplicationTests]: FoodbridgeApplicationTests does not declare any static, non-private, non-final, nested classes annotated with @Configuration.
14:50:00.736 [main] INFO org.springframework.boot.test.context.SpringBootTestContextBootstrapper -- Found @SpringBootConfiguration com.eduardo.foodbridge.FoodbridgeApplication for test class com.eduardo.foodbridge.FoodbridgeApplicationTests

  .   ____          _            __ _ _
 /\\ / ___'_ __ _ _(_)_ __  __ _ \ \ \ \
( ( )\___ | '_ | '_| | '_ \/ _` | \ \ \ \
 \\/  ___)| |_)| | | | | || (_| |  ) ) ) )
  '  |____| .__|_| |_|_| |_\__, | / / / /
 =========|_|==============|___/=/_/_/_/

 :: Spring Boot ::                (v3.4.0)

2025-03-09T14:50:01.690-03:00  INFO 35780 --- [foodbridge] [           main] c.e.f.FoodbridgeApplicationTests         : Starting FoodbridgeApplicationTests using Java 21.0.3 with PID 35780 (started by dudug in C:\Users\dudug\workspace-sts\FoodBridge\backend)
2025-03-09T14:50:01.694-03:00  INFO 35780 --- [foodbridge] [           main] c.e.f.FoodbridgeApplicationTests         : The following 1 profile is active: "test"
2025-03-09T14:50:04.324-03:00  INFO 35780 --- [foodbridge] [           main] .s.d.r.c.RepositoryConfigurationDelegate : Bootstrapping Spring Data JPA repositories in DEFAULT mode.
2025-03-09T14:50:04.476-03:00  INFO 35780 --- [foodbridge] [           main] .s.d.r.c.RepositoryConfigurationDelegate : Finished Spring Data repository scanning in 131 ms. Found 3 JPA repository interfaces.
2025-03-09T14:50:05.718-03:00  INFO 35780 --- [foodbridge] [           main] com.zaxxer.hikari.HikariDataSource       : HikariPool-1 - Starting...
2025-03-09T14:50:06.162-03:00  INFO 35780 --- [foodbridge] [           main] com.zaxxer.hikari.pool.HikariPool        : HikariPool-1 - Added connection conn0: url=jdbc:h2:mem:testdb user=SA
2025-03-09T14:50:06.166-03:00  INFO 35780 --- [foodbridge] [           main] com.zaxxer.hikari.HikariDataSource       : HikariPool-1 - Start completed.
2025-03-09T14:50:06.313-03:00  INFO 35780 --- [foodbridge] [           main] o.hibernate.jpa.internal.util.LogHelper  : HHH000204: Processing PersistenceUnitInfo [name: default]
2025-03-09T14:50:06.483-03:00  INFO 35780 --- [foodbridge] [           main] org.hibernate.Version                    : HHH000412: Hibernate ORM core version 6.6.2.Final
2025-03-09T14:50:06.571-03:00  INFO 35780 --- [foodbridge] [           main] o.h.c.internal.RegionFactoryInitiator    : HHH000026: Second-level cache disabled
2025-03-09T14:50:07.330-03:00  INFO 35780 --- [foodbridge] [           main] o.s.o.j.p.SpringPersistenceUnitInfo      : No LoadTimeWeaver setup: ignoring JPA class transformer
2025-03-09T14:50:07.497-03:00  INFO 35780 --- [foodbridge] [           main] org.hibernate.orm.connections.pooling    : HHH10001005: Database info:
	Database JDBC URL [Connecting through datasource 'HikariDataSource (HikariPool-1)']
	Database driver: undefined/unknown
	Database version: 2.3.232
	Autocommit mode: undefined/unknown
	Isolation level: undefined/unknown
	Minimum pool size: undefined/unknown
	Maximum pool size: undefined/unknown
2025-03-09T14:50:09.450-03:00  INFO 35780 --- [foodbridge] [           main] o.h.e.t.j.p.i.JtaPlatformInitiator       : HHH000489: No JTA platform available (set 'hibernate.transaction.jta.platform' to enable JTA platform integration)
Hibernate: 
    drop table if exists tb_donation cascade 
Hibernate: 
    drop table if exists tb_password_recover cascade 
Hibernate: 
    drop table if exists tb_role cascade 
Hibernate: 
    drop table if exists tb_user cascade 
Hibernate: 
    drop table if exists tb_user_role cascade 
Hibernate: 
    create table tb_donation (
        collector_id bigint,
        id bigint generated by default as identity,
        user_id bigint,
        city varchar(255),
        description TEXT,
        state varchar(255),
        primary key (id)
    )
Hibernate: 
    create table tb_password_recover (
        expiration timestamp(6) with time zone not null,
        id bigint generated by default as identity,
        email varchar(255) not null,
        token varchar(255) not null,
        primary key (id)
    )
Hibernate: 
    create table tb_role (
        id bigint generated by default as identity,
        authority varchar(255),
        primary key (id)
    )
Hibernate: 
    create table tb_user (
        id bigint generated by default as identity,
        address varchar(255),
        birth_date varchar(255),
        email varchar(255) unique,
        name varchar(255) unique,
        password varchar(255),
        phone varchar(255),
        primary key (id)
    )
Hibernate: 
    create table tb_user_role (
        role_id bigint not null,
        user_id bigint not null,
        primary key (role_id, user_id)
    )
Hibernate: 
    alter table if exists tb_donation 
       add constraint FKahyvb28u4c8jgpo1255pa9yn2 
       foreign key (collector_id) 
       references tb_user
Hibernate: 
    alter table if exists tb_donation 
       add constraint FKptl33pe62bi0y5631q2o31igo 
       foreign key (user_id) 
       references tb_user
Hibernate: 
    alter table if exists tb_user_role 
       add constraint FKea2ootw6b6bb0xt3ptl28bymv 
       foreign key (role_id) 
       references tb_role
Hibernate: 
    alter table if exists tb_user_role 
       add constraint FK7vn3h53d0tqdimm8cp45gc0kl 
       foreign key (user_id) 
       references tb_user
Hibernate: INSERT INTO tb_role (authority) VALUES('ROLE_USER')
Hibernate: INSERT INTO tb_user (name, birth_date, phone, email, password, address) VALUES ('Eduardo', '2005-09-06', '27 992657127', 'dudugollner0609@gmail.com', '$2a$10$WDgYqMFJfwu.W7U908L13etOXJFTnUwMwtCarlcWfM0myuREtB.Vq', '29072320')
Hibernate: INSERT INTO tb_user (name, birth_date, phone, email, password, address) VALUES ('Marina', '1975-03-31', '27 992430999', 'marina@gmail.com', '$2a$10$WDgYqMFJfwu.W7U908L13etOXJFTnUwMwtCarlcWfM0myuREtB.Vq', '29072320')
Hibernate: INSERT INTO tb_user_role (user_id, role_id) VALUES (1, 1)
Hibernate: INSERT INTO tb_user_role (user_id, role_id) VALUES (2, 1)
Hibernate: INSERT INTO tb_donation (description, city, state, user_id) VALUES ('Doando muitas bananas.', 'Vitoria', 'Espírito Santo', 1)
Hibernate: INSERT INTO tb_donation (description, city, state, user_id) VALUES ('Doando muitas maçãs.', 'Vitoria', 'Espírito Santo', 2)
Hibernate: INSERT INTO tb_donation (description, city, state, user_id) VALUES ('Doando muitas bananas.', 'Vitoria', 'Espírito Santo', 1)
Hibernate: INSERT INTO tb_donation (description, city, state, user_id) VALUES ('Doando muitas maçãs.', 'Vitoria', 'Espírito Santo', 2)
2025-03-09T14:50:09.595-03:00  INFO 35780 --- [foodbridge] [           main] j.LocalContainerEntityManagerFactoryBean : Initialized JPA EntityManagerFactory for persistence unit 'default'
2025-03-09T14:50:10.289-03:00  INFO 35780 --- [foodbridge] [           main] o.s.d.j.r.query.QueryEnhancerFactory     : Hibernate is in classpath; If applicable, HQL parser will be used.
2025-03-09T14:50:12.336-03:00  INFO 35780 --- [foodbridge] [           main] r$InitializeUserDetailsManagerConfigurer : Global AuthenticationManager configured with UserDetailsService bean with name userService
2025-03-09T14:50:14.694-03:00  INFO 35780 --- [foodbridge] [           main] o.s.b.a.h2.H2ConsoleAutoConfiguration    : H2 console available at '/h2-console'. Database available at 'jdbc:h2:mem:testdb'
2025-03-09T14:50:14.847-03:00  INFO 35780 --- [foodbridge] [           main] c.e.f.FoodbridgeApplicationTests         : Started FoodbridgeApplicationTests in 13.783 seconds (process running for 16.488)
]]></system-out>
    <system-err><![CDATA[Mockito is currently self-attaching to enable the inline-mock-maker. This will no longer work in future releases of the JDK. Please add Mockito as an agent to your build what is described in Mockito's documentation: https://javadoc.io/doc/org.mockito/mockito-core/latest/org/mockito/Mockito.html#0.3
WARNING: A Java agent has been loaded dynamically (C:\Users\dudug\.m2\repository\net\bytebuddy\byte-buddy-agent\1.15.10\byte-buddy-agent-1.15.10.jar)
WARNING: If a serviceability tool is in use, please run with -XX:+EnableDynamicAgentLoading to hide this warning
WARNING: If a serviceability tool is not in use, please run with -Djdk.instrument.traceUsage for more information
WARNING: Dynamic loading of agents will be disallowed by default in a future release
]]></system-err>
  </testcase>
</testsuite>